<?xml version="1.0" encoding="UTF-8"?>
<testsuite xmlns:xsi="http://www.w3.org/2001/XMLSchema-instance" xsi:noNamespaceSchemaLocation="https://maven.apache.org/surefire/maven-surefire-plugin/xsd/surefire-test-report.xsd" name="cmpe202.IndividualProject.CardDetectorFactoryTest" time="0.326" tests="4" errors="0" skipped="0" failures="0">
  <properties>
[...]
</properties>
  <testcase name="TestCheckTypeOfCardError" classname="cmpe202.IndividualProject.CardDetectorFactoryTest" time="0.022"/>
  <testcase name="TestCheckTypeOfCardAmEx" classname="cmpe202.IndividualProject.CardDetectorFactoryTest" time="0"/>
  <testcase name="TestCheckTypeOfCardVisa" classname="cmpe202.IndividualProject.CardDetectorFactoryTest" time="0"/>
  <testcase name="TestCheckTypeOfCardMasterCard" classname="cmpe202.IndividualProject.CardDetectorFactoryTest" time="0.001"/>
</testsuite>